[LOG] System::create                           : Header version = 2.02.04. Current version = 2.02.04.
[LOG] Manager::init                            : maxchannels = 256 studioflags = 00000006 flags 00000000 extradriverdata 0000000000000000.
[LOG] SystemI::init                            : Initialize version=20204 (121702), maxchannels=256, flags=0x00020000
[LOG] SystemI::setOutputInternal               : Setting output to 'FMOD WASAPI Output'
[LOG] OutputWASAPI::init                       : Mix Format (WAVEFORMATEX): wFormatTag=0xFFFE, nChannels=2, nSamplesPerSec=48000, nAvgBytesPerSec=384000, nBlockAlign=8, wBitsPerSample=32, cbSize=22.
[LOG] OutputWASAPI::init                       : Mix Format (WAVEFORMATEXTENSIBLE): wValidBitsPerSample=32, dwChannelMask=0x00000003, SubFormat=00000003-0000-0010-8000-00AA00389B71.
[LOG] OutputWASAPI::init                       : Output buffer size: 4096 samples, latency: 0.00ms, period: 10.67ms, DSP buffer: 1024 * 4
[LOG] Thread::initThread                       : Init FMOD stream thread. Affinity: 0x4000000000000003, Priority: 0xFFFF7FFB, Stack Size: 98304, Semaphore: No, Sleep Time: 10, Looping: Yes.
[LOG] Thread::initThread                       : Init FMOD mixer thread. Affinity: 0x4000000000000001, Priority: 0xFFFF7FFA, Stack Size: 81920, Semaphore: No, Sleep Time: 0, Looping: Yes.
[LOG] AsyncManager::init                       : manager 00000223CD59FF58 isAsync 0 updatePeriod 0.02
[LOG] AsyncManager::init                       : done
[LOG] PlaybackSystem::init                     : 
[LOG] Thread::initThread                       : Init FMOD Studio sample load thread. Affinity: 0x4000000000000003, Priority: 0xFFFF7FFD, Stack Size: 98304, Semaphore: No, Sleep Time: 1, Looping: No.
[LOG] PlaybackSystem::init                     : done
[LOG] Thread::initThread                       : Init FMOD Studio bank load thread. Affinity: 0x4000000000000003, Priority: 0xFFFF7FFD, Stack Size: 98304, Semaphore: No, Sleep Time: 1, Looping: No.
[LOG] Manager::init                            : done.
[LOG] Manager::readBank                        : fileversion = 141, compatVersion = 140 (oldest = 44, newest = 141)
[LOG] Manager::readBank                        : fileversion = 141, compatVersion = 140 (oldest = 44, newest = 141)
[LOG] PlaybackSystem::acquireMasterBus         : Setting master channel group format to 3
[LOG] SystemI::createSoundInternal             : Create name='', mode=0x02000202
[LOG] SystemI::createSoundInternal             : exinfo->cbsize             = 224
[LOG] SystemI::createSoundInternal             : exinfo->length             = 1873024
[LOG] SystemI::createSoundInternal             : exinfo->fileoffset         = 36800
[LOG] SystemI::createSoundInternal             : exinfo->numsubsounds       = 1
[LOG] SystemI::createSoundInternal             : exinfo->inclusionlist      = 000000DEA83FF5E8
[LOG] SystemI::createSoundInternal             : exinfo->inclusionlistnum   = 1
[LOG] SystemI::createSoundInternal             : exinfo->suggestedsoundtype = 5
[LOG] SystemI::createSoundInternal             : exinfo->useropen           = 00007FFD053A0AD0
[LOG] SystemI::createSoundInternal             : exinfo->userclose          = 00007FFD053A0AA0
[LOG] SystemI::createSoundInternal             : exinfo->userread           = 00007FFD053A0BA0
[LOG] SystemI::createSoundInternal             : exinfo->userseek           = 00007FFD053A0C60
[LOG] SystemI::createSoundInternal             : exinfo->fileuserdata       = 00000223C0995158
[LOG] SystemI::createSoundInternal             : exinfo->initialseekpostype = 1
[LOG] SystemI::DSPCodecPoolRegister            : register codec pool for pool type 5
[LOG] SystemI::createSoundInternal             : Sample 0/1: name='Cursor2', format=5, channels=1, frequency=48000, lengthbytes=1120, lengthpcm=5122, pcmblocksize=0, loopstart=0, loopend=0, mode=0x00000000, channelmask=0x00000000, channelorder=0, peakvolume=0.727966.
[LOG] SoundI::release                          :  (00000223B798EB38)
[LOG] SoundI::release                          :     Cursor2 (00000223AA0FBA58)
[LOG] Manager::receiveLiveUpdateBank           : Received live update bank path: fmod:///remote/C:/Users/zazaf/AppData/Local/FMOD Studio/UnsavedProjects/Hotswap-bXKZgR/hotswap_147.bank
[LOG] ProfileRemoteFile::fileOpen              : Attemping to open remote file 'C:/Users/zazaf/AppData/Local/FMOD Studio/UnsavedProjects/Hotswap-bXKZgR/hotswap_147.bank'
[LOG] Manager::readBank                        : fileversion = 141, compatVersion = 140 (oldest = 44, newest = 141)
[LOG] Manager::receiveLiveUpdateBank           : Received live update bank path: fmod:///remote/C:/Users/zazaf/AppData/Local/FMOD Studio/UnsavedProjects/Hotswap-bXKZgR/hotswap_148.bank
[LOG] ProfileRemoteFile::fileOpen              : Attemping to open remote file 'C:/Users/zazaf/AppData/Local/FMOD Studio/UnsavedProjects/Hotswap-bXKZgR/hotswap_148.bank'
[LOG] Manager::readBank                        : fileversion = 141, compatVersion = 140 (oldest = 44, newest = 141)
[LOG] Manager::receiveLiveUpdateBank           : Received live update bank path: fmod:///remote/C:/Users/zazaf/AppData/Local/FMOD Studio/UnsavedProjects/Hotswap-bXKZgR/hotswap_149.bank
[LOG] ProfileRemoteFile::fileOpen              : Attemping to open remote file 'C:/Users/zazaf/AppData/Local/FMOD Studio/UnsavedProjects/Hotswap-bXKZgR/hotswap_149.bank'
[LOG] Manager::readBank                        : fileversion = 141, compatVersion = 140 (oldest = 44, newest = 141)
[LOG] SystemI::createSound                     : filename = ../../FMOD Studio Projects/A-Type-of-Adventure-FMOD-Studio-Project/Build/Desktop/Master.bank : mode 02010082
[LOG] SystemI::createSound                     : FMOD_NONBLOCKING specified.  Putting into queue to be opened asynchronously!
[LOG] SystemI::createSound                     : setdata soundi = 00000223C10A0A48 : node = 00000223C54F0210
[LOG] SystemI::createSound                     : add node to async list : head = 00000223B1C47678.  list count = 0
[LOG] AsyncThread::threadFunc                  : Starting Asynchronous operation on sound 00000223C10A0A48
[LOG] SystemI::createSoundInternal             :     Create name='../../FMOD Studio Projects/A-Type-of-Adventure-FMOD-Studio-Project/Build/Desktop/Master.bank', mode=0x02010082
[LOG] SystemI::createSoundInternal             :     exinfo->cbsize             = 224
[LOG] SystemI::createSoundInternal             :     exinfo->length             = 1873024
[LOG] SystemI::createSoundInternal             :     exinfo->fileoffset         = 36800
[LOG] SystemI::createSoundInternal             :     exinfo->numsubsounds       = 1
[LOG] SystemI::createSoundInternal             :     exinfo->inclusionlist      = 00000223C54F0320
[LOG] SystemI::createSoundInternal             :     exinfo->inclusionlistnum   = 1
[LOG] SystemI::createSoundInternal             :     exinfo->suggestedsoundtype = 5
[LOG] SystemI::createSoundInternal             :     exinfo->initialseekpostype = 1
[LOG] SystemI::createSoundInternal             :     Stream 0/1: name='MainMenu_Music', format=5, channels=2, frequency=48000, lengthbytes=692992, lengthpcm=2710588, pcmblocksize=0, loopstart=0, loopend=0, mode=0x00000000, channelmask=0x00000000, channelorder=0, peakvolume=0.332520.
[LOG] AsyncThread::threadFunc                  : Finished Asynchronous operation on sound 00000223C10A0A48
[LOG] SoundI::release                          : MainMenu_Music (00000223C10A0898)
[LOG] SoundI::release                          :     MainMenu_Music (00000223AC9D8C98)
[LOG] SoundI::release                          :     MainMenu_Music (00000223AA637848)
[LOG] SoundI::release                          : MainMenu_Music (00000223C10A0A48)
[LOG] SoundI::release                          :     MainMenu_Music (00000223C1C569E8)
[LOG] SoundI::release                          :     MainMenu_Music (00000223C0E12898)
[LOG] SoundI::release                          :  (00000223ABC017B8)
[LOG] SoundI::release                          :     Cursor2 (00000223C1C52F68)
[LOG] Thread::callback                         : FMOD Studio update thread finished.
[LOG] Thread::callback                         : FMOD Studio bank load thread finished.
[LOG] ProfileClient::markForDead               : Closing client connection
[LOG] FMOD_OS_Net_Read                         : Interrupted.[LOG] Profile::disconnectAll                   : Profiler disconnecting all clients
[LOG] Thread::callback                         : FMOD profiler thread (send) finished.
[LOG] ProfileClient::recvThreadLoopFunction    : Socket disconnected
[LOG] Thread::callback                         : FMOD profiler thread (recv) finished.
[LOG] Thread::callback                         : FMOD Studio sample load thread finished.
[LOG] LiveUpdate::release                      : 
[LOG] LiveUpdate::reset                        : Reset connection (reason Disconnected)
[LOG] Thread::callback                         : FMOD stream thread finished.
[LOG] Thread::callback                         : FMOD mixer thread finished.
[LOG] Profile::disconnectAll                   : Profiler disconnecting all clients
[LOG] SystemI::close                           : Closed.
[LOG] Manager::readBank                        : fileversion = 141, compatVersion = 140 (oldest = 44, newest = 141)
[LOG] Manager::readBank                        : fileversion = 141, compatVersion = 140 (oldest = 44, newest = 141)
[LOG] Manager::readBank                        : fileversion = 141, compatVersion = 140 (oldest = 44, newest = 141)
[LOG] PlaybackSystem::acquireMasterBus         : Setting master channel group format to 3
